<?xml version="1.0" encoding="UTF-8"?>
<testng-results skipped="0" failed="0" ignored="0" total="1" passed="1">
  <reporter-output>
  </reporter-output>
  <suite name="Suite" duration-ms="23949" started-at="2020-09-22T06:52:12Z" finished-at="2020-09-22T06:52:36Z">
    <groups>
    </groups>
    <test name="Test" duration-ms="23949" started-at="2020-09-22T06:52:12Z" finished-at="2020-09-22T06:52:36Z">
      <class name="com.scripts.facebook.TESTFBSignup">
        <test-method status="PASS" signature="openBrowser()[pri:0, instance:com.scripts.facebook.TESTFBSignup@2b2948e2]" name="openBrowser" is-config="true" duration-ms="16157" started-at="2020-09-22T06:52:12Z" finished-at="2020-09-22T06:52:28Z">
          <reporter-output>
          </reporter-output>
        </test-method> <!-- openBrowser -->
        <test-method status="PASS" signature="signup()[pri:0, instance:com.scripts.facebook.TESTFBSignup@2b2948e2]" name="signup" duration-ms="7719" started-at="2020-09-22T06:52:28Z" finished-at="2020-09-22T06:52:36Z">
          <reporter-output>
          </reporter-output>
        </test-method> <!-- signup -->
        <test-method status="PASS" signature="closeBrowser()[pri:0, instance:com.scripts.facebook.TESTFBSignup@2b2948e2]" name="closeBrowser" is-config="true" duration-ms="1" started-at="2020-09-22T06:52:36Z" finished-at="2020-09-22T06:52:36Z">
          <reporter-output>
          </reporter-output>
        </test-method> <!-- closeBrowser -->
      </class> <!-- com.scripts.facebook.TESTFBSignup -->
    </test> <!-- Test -->
  </suite> <!-- Suite -->
</testng-results>
